{"time":"2026-04-06 20:41:32","level":"INFO","ip":"::1","uri":"\/PAP\/api\/auth.php","msg":"login attempt","ctx":{"login":"a12345"}}
{"time":"2026-04-06 20:41:32","level":"WARN","ip":"::1","uri":"\/PAP\/api\/auth.php","msg":"wrong password","ctx":{"login":"a12345"}}
{"time":"2026-04-06 20:41:32","level":"INFO","ip":"::1","uri":"\/PAP\/api\/auth.php","msg":"login attempt","ctx":{"login":"a12345"}}
{"time":"2026-04-06 20:41:32","level":"WARN","ip":"::1","uri":"\/PAP\/api\/auth.php","msg":"wrong password","ctx":{"login":"a12345"}}
{"time":"2026-04-06 20:41:37","level":"INFO","ip":"::1","uri":"\/PAP\/api\/auth.php","msg":"login attempt","ctx":{"login":"a12345"}}
{"time":"2026-04-06 20:41:37","level":"INFO","ip":"::1","uri":"\/PAP\/api\/auth.php","msg":"login success","ctx":{"login":"a12345","role":"Aluno"}}
{"time":"2026-04-06 20:41:37","level":"INFO","ip":"::1","uri":"\/PAP\/api\/auth.php","msg":"login attempt","ctx":{"login":"a12345"}}
{"time":"2026-04-06 20:41:37","level":"INFO","ip":"::1","uri":"\/PAP\/api\/auth.php","msg":"login success","ctx":{"login":"a12345","role":"Aluno"}}
{"time":"2026-04-06 20:51:37","level":"INFO","ip":"::1","uri":"\/PAP\/api\/logout.php","msg":"user logout","ctx":{"user":"a12345"}}
{"time":"2026-04-06 20:51:46","level":"INFO","ip":"::1","uri":"\/PAP\/api\/auth.php","msg":"login attempt","ctx":{"login":"a12345"}}
{"time":"2026-04-06 20:51:46","level":"WARN","ip":"::1","uri":"\/PAP\/api\/auth.php","msg":"wrong password","ctx":{"login":"a12345"}}
{"time":"2026-04-06 20:51:47","level":"INFO","ip":"::1","uri":"\/PAP\/api\/auth.php","msg":"login attempt","ctx":{"login":"a12345"}}
{"time":"2026-04-06 20:51:47","level":"WARN","ip":"::1","uri":"\/PAP\/api\/auth.php","msg":"wrong password","ctx":{"login":"a12345"}}
{"time":"2026-04-06 20:51:48","level":"INFO","ip":"::1","uri":"\/PAP\/api\/auth.php","msg":"login attempt","ctx":{"login":"a12345"}}
{"time":"2026-04-06 20:51:48","level":"INFO","ip":"::1","uri":"\/PAP\/api\/auth.php","msg":"login success","ctx":{"login":"a12345","role":"Aluno"}}
{"time":"2026-04-06 20:51:48","level":"INFO","ip":"::1","uri":"\/PAP\/api\/auth.php","msg":"login attempt","ctx":{"login":"a12345"}}
{"time":"2026-04-06 20:51:48","level":"INFO","ip":"::1","uri":"\/PAP\/api\/auth.php","msg":"login success","ctx":{"login":"a12345","role":"Aluno"}}
{"time":"2026-04-06 20:58:24","level":"INFO","ip":"::1","uri":"\/PAP\/api\/logout.php","msg":"user logout","ctx":{"user":"a12345"}}
{"time":"2026-04-06 20:58:30","level":"INFO","ip":"::1","uri":"\/PAP\/api\/auth.php","msg":"login attempt","ctx":{"login":"a12345"}}
{"time":"2026-04-06 20:58:30","level":"WARN","ip":"::1","uri":"\/PAP\/api\/auth.php","msg":"wrong password","ctx":{"login":"a12345"}}
{"time":"2026-04-06 20:58:30","level":"INFO","ip":"::1","uri":"\/PAP\/api\/auth.php","msg":"login attempt","ctx":{"login":"a12345"}}
{"time":"2026-04-06 20:58:30","level":"WARN","ip":"::1","uri":"\/PAP\/api\/auth.php","msg":"wrong password","ctx":{"login":"a12345"}}
{"time":"2026-04-06 20:58:39","level":"INFO","ip":"::1","uri":"\/PAP\/api\/auth.php","msg":"login attempt","ctx":{"login":"a12345"}}
{"time":"2026-04-06 20:58:39","level":"INFO","ip":"::1","uri":"\/PAP\/api\/auth.php","msg":"login success","ctx":{"login":"a12345","role":"Aluno"}}
{"time":"2026-04-06 20:58:39","level":"INFO","ip":"::1","uri":"\/PAP\/api\/auth.php","msg":"login attempt","ctx":{"login":"a12345"}}
{"time":"2026-04-06 20:58:39","level":"INFO","ip":"::1","uri":"\/PAP\/api\/auth.php","msg":"login success","ctx":{"login":"a12345","role":"Aluno"}}
{"time":"2026-04-06 20:58:41","level":"INFO","ip":"::1","uri":"\/PAP\/api\/logout.php","msg":"user logout","ctx":{"user":"a12345"}}
{"time":"2026-04-06 20:58:51","level":"INFO","ip":"::1","uri":"\/PAP\/api\/auth.php","msg":"login attempt","ctx":{"login":"b12345"}}
{"time":"2026-04-06 20:58:51","level":"INFO","ip":"::1","uri":"\/PAP\/api\/auth.php","msg":"login success","ctx":{"login":"b12345","role":"Professor"}}
{"time":"2026-04-06 20:58:51","level":"INFO","ip":"::1","uri":"\/PAP\/api\/auth.php","msg":"login attempt","ctx":{"login":"b12345"}}
{"time":"2026-04-06 20:58:52","level":"INFO","ip":"::1","uri":"\/PAP\/api\/auth.php","msg":"login success","ctx":{"login":"b12345","role":"Professor"}}
{"time":"2026-04-06 20:58:53","level":"INFO","ip":"::1","uri":"\/PAP\/api\/logout.php","msg":"user logout","ctx":{"user":"b12345"}}
{"time":"2026-04-06 21:16:36","level":"INFO","ip":"::1","uri":"\/PAP\/api\/auth.php","msg":"login attempt","ctx":{"login":"b12345"}}
{"time":"2026-04-06 21:16:36","level":"INFO","ip":"::1","uri":"\/PAP\/api\/auth.php","msg":"login success","ctx":{"login":"b12345","role":"Professor"}}
{"time":"2026-04-06 21:16:36","level":"INFO","ip":"::1","uri":"\/PAP\/api\/auth.php","msg":"login attempt","ctx":{"login":"b12345"}}
{"time":"2026-04-06 21:16:36","level":"INFO","ip":"::1","uri":"\/PAP\/api\/auth.php","msg":"login success","ctx":{"login":"b12345","role":"Professor"}}
{"time":"2026-04-06 21:35:57","level":"INFO","ip":"::1","uri":"\/PAP\/api\/logout.php","msg":"user logout","ctx":{"user":"b12345"}}
{"time":"2026-04-06 21:51:17","level":"INFO","ip":"10.105.70.159","uri":"\/PAP\/api\/auth.php","msg":"login attempt","ctx":{"login":"b12345"}}
{"time":"2026-04-06 21:51:17","level":"INFO","ip":"10.105.70.159","uri":"\/PAP\/api\/auth.php","msg":"login success","ctx":{"login":"b12345","role":"Professor"}}
