{"time":"2026-04-22 09:00:53","level":"INFO","ip":"10.183.35.159","uri":"\/PAP\/api\/auth.php","msg":"login attempt","ctx":{"login":"c12345"}}
{"time":"2026-04-22 09:00:53","level":"INFO","ip":"10.183.35.159","uri":"\/PAP\/api\/auth.php","msg":"login success","ctx":{"login":"c12345","role":"admin"}}
{"time":"2026-04-22 09:01:02","level":"INFO","ip":"10.183.35.159","uri":"\/PAP\/api\/logout.php","msg":"user logout","ctx":{"user":"c12345"}}
{"time":"2026-04-22 09:01:29","level":"INFO","ip":"10.183.35.159","uri":"\/PAP\/api\/auth.php","msg":"login attempt","ctx":{"login":"c12345"}}
{"time":"2026-04-22 09:01:29","level":"INFO","ip":"10.183.35.159","uri":"\/PAP\/api\/auth.php","msg":"login success","ctx":{"login":"c12345","role":"admin"}}
{"time":"2026-04-22 09:01:35","level":"INFO","ip":"10.183.35.159","uri":"\/PAP\/api\/logout.php","msg":"user logout","ctx":{"user":"c12345"}}
{"time":"2026-04-22 09:02:32","level":"INFO","ip":"10.183.35.159","uri":"\/PAP\/api\/auth.php","msg":"login attempt","ctx":{"login":"b12345"}}
{"time":"2026-04-22 09:02:32","level":"INFO","ip":"10.183.35.159","uri":"\/PAP\/api\/auth.php","msg":"login success","ctx":{"login":"b12345","role":"Professor"}}
{"time":"2026-04-22 09:04:28","level":"INFO","ip":"10.183.35.159","uri":"\/PAP\/api\/logout.php","msg":"user logout","ctx":{"user":"b12345"}}
{"time":"2026-04-22 09:05:51","level":"INFO","ip":"10.183.35.159","uri":"\/PAP\/api\/auth.php","msg":"login attempt","ctx":{"login":"b12345"}}
{"time":"2026-04-22 09:05:51","level":"INFO","ip":"10.183.35.159","uri":"\/PAP\/api\/auth.php","msg":"login success","ctx":{"login":"b12345","role":"Professor"}}
{"time":"2026-04-22 09:49:20","level":"INFO","ip":"::1","uri":"\/PAP\/api\/auth.php","msg":"login attempt","ctx":{"login":"c12345"}}
{"time":"2026-04-22 09:49:20","level":"INFO","ip":"::1","uri":"\/PAP\/api\/auth.php","msg":"login success","ctx":{"login":"c12345","role":"admin"}}
{"time":"2026-04-22 10:27:12","level":"INFO","ip":"::1","uri":"\/PAP\/api\/auth.php","msg":"login attempt","ctx":{"login":"b12345"}}
{"time":"2026-04-22 10:27:12","level":"INFO","ip":"::1","uri":"\/PAP\/api\/auth.php","msg":"login success","ctx":{"login":"b12345","role":"Professor"}}
{"time":"2026-04-22 10:34:02","level":"INFO","ip":"10.183.35.159","uri":"\/PAP\/api\/logout.php","msg":"user logout","ctx":{"user":"b12345"}}
{"time":"2026-04-22 10:34:22","level":"INFO","ip":"10.183.35.159","uri":"\/PAP\/api\/auth.php","msg":"login attempt","ctx":{"login":"a12345"}}
{"time":"2026-04-22 10:34:22","level":"INFO","ip":"10.183.35.159","uri":"\/PAP\/api\/auth.php","msg":"login success","ctx":{"login":"a12345","role":"Aluno"}}
{"time":"2026-04-22 10:49:13","level":"INFO","ip":"::1","uri":"\/PAP\/api\/logout.php","msg":"user logout","ctx":{"user":"b12345"}}
{"time":"2026-04-22 10:51:31","level":"INFO","ip":"10.183.35.159","uri":"\/PAP\/api\/logout.php","msg":"user logout","ctx":{"user":"a12345"}}
{"time":"2026-04-22 13:52:41","level":"INFO","ip":"::1","uri":"\/PAP\/api\/auth.php","msg":"login attempt","ctx":{"login":"a12345"}}
{"time":"2026-04-22 13:52:41","level":"WARN","ip":"::1","uri":"\/PAP\/api\/auth.php","msg":"wrong password","ctx":{"login":"a12345"}}
{"time":"2026-04-22 13:52:49","level":"INFO","ip":"::1","uri":"\/PAP\/api\/auth.php","msg":"login attempt","ctx":{"login":"a12345"}}
{"time":"2026-04-22 13:52:49","level":"INFO","ip":"::1","uri":"\/PAP\/api\/auth.php","msg":"login success","ctx":{"login":"a12345","role":"Aluno"}}
{"time":"2026-04-22 14:06:28","level":"INFO","ip":"::1","uri":"\/PAP\/api\/logout.php","msg":"user logout","ctx":{"user":"a12345"}}
{"time":"2026-04-22 14:06:37","level":"INFO","ip":"::1","uri":"\/PAP\/api\/auth.php","msg":"login attempt","ctx":{"login":"a12345"}}
{"time":"2026-04-22 14:06:37","level":"INFO","ip":"::1","uri":"\/PAP\/api\/auth.php","msg":"login success","ctx":{"login":"a12345","role":"Aluno"}}
{"time":"2026-04-22 14:08:20","level":"INFO","ip":"::1","uri":"\/PAP\/api\/logout.php","msg":"user logout","ctx":{"user":"a12345"}}
{"time":"2026-04-22 14:08:27","level":"INFO","ip":"::1","uri":"\/PAP\/api\/auth.php","msg":"login attempt","ctx":{"login":"b12345"}}
{"time":"2026-04-22 14:08:27","level":"INFO","ip":"::1","uri":"\/PAP\/api\/auth.php","msg":"login success","ctx":{"login":"b12345","role":"Professor"}}
{"time":"2026-04-22 15:05:19","level":"INFO","ip":"::1","uri":"\/PAP\/api\/auth.php","msg":"login attempt","ctx":{"login":"b12345"}}
{"time":"2026-04-22 15:05:19","level":"INFO","ip":"::1","uri":"\/PAP\/api\/auth.php","msg":"login success","ctx":{"login":"b12345","role":"Professor"}}
{"time":"2026-04-22 15:07:11","level":"INFO","ip":"::1","uri":"\/PAP\/api\/logout.php","msg":"user logout","ctx":{"user":"b12345"}}
{"time":"2026-04-22 15:07:19","level":"INFO","ip":"::1","uri":"\/PAP\/api\/auth.php","msg":"login attempt","ctx":{"login":"a12345"}}
{"time":"2026-04-22 15:07:19","level":"INFO","ip":"::1","uri":"\/PAP\/api\/auth.php","msg":"login success","ctx":{"login":"a12345","role":"Aluno"}}
{"time":"2026-04-22 15:08:27","level":"INFO","ip":"::1","uri":"\/PAP\/api\/logout.php","msg":"user logout","ctx":{"user":"a12345"}}
{"time":"2026-04-22 15:08:32","level":"INFO","ip":"::1","uri":"\/PAP\/api\/auth.php","msg":"login attempt","ctx":{"login":"с12345"}}
{"time":"2026-04-22 15:08:32","level":"WARN","ip":"::1","uri":"\/PAP\/api\/auth.php","msg":"login not found","ctx":{"login":"с12345"}}
{"time":"2026-04-22 15:08:46","level":"INFO","ip":"::1","uri":"\/PAP\/api\/auth.php","msg":"login attempt","ctx":{"login":"c12354"}}
{"time":"2026-04-22 15:08:46","level":"WARN","ip":"::1","uri":"\/PAP\/api\/auth.php","msg":"login not found","ctx":{"login":"c12354"}}
{"time":"2026-04-22 15:08:55","level":"INFO","ip":"::1","uri":"\/PAP\/api\/auth.php","msg":"login attempt","ctx":{"login":"c12354"}}
{"time":"2026-04-22 15:08:55","level":"WARN","ip":"::1","uri":"\/PAP\/api\/auth.php","msg":"login not found","ctx":{"login":"c12354"}}
{"time":"2026-04-22 15:08:56","level":"INFO","ip":"::1","uri":"\/PAP\/api\/auth.php","msg":"login attempt","ctx":{"login":"c12354"}}
{"time":"2026-04-22 15:08:56","level":"WARN","ip":"::1","uri":"\/PAP\/api\/auth.php","msg":"login not found","ctx":{"login":"c12354"}}
{"time":"2026-04-22 15:09:09","level":"INFO","ip":"::1","uri":"\/PAP\/api\/auth.php","msg":"login attempt","ctx":{"login":"c12345"}}
{"time":"2026-04-22 15:09:09","level":"INFO","ip":"::1","uri":"\/PAP\/api\/auth.php","msg":"login success","ctx":{"login":"c12345","role":"admin"}}
{"time":"2026-04-22 15:09:57","level":"INFO","ip":"::1","uri":"\/PAP\/api\/logout.php","msg":"user logout","ctx":{"user":"c12345"}}
{"time":"2026-04-22 15:10:08","level":"INFO","ip":"::1","uri":"\/PAP\/api\/auth.php","msg":"login attempt","ctx":{"login":"c12345"}}
{"time":"2026-04-22 15:10:09","level":"INFO","ip":"::1","uri":"\/PAP\/api\/auth.php","msg":"login success","ctx":{"login":"c12345","role":"admin"}}
{"time":"2026-04-22 15:10:21","level":"INFO","ip":"::1","uri":"\/PAP\/api\/logout.php","msg":"user logout","ctx":{"user":"c12345"}}
{"time":"2026-04-22 15:10:30","level":"INFO","ip":"::1","uri":"\/PAP\/api\/auth.php","msg":"login attempt","ctx":{"login":"a12345"}}
{"time":"2026-04-22 15:10:30","level":"INFO","ip":"::1","uri":"\/PAP\/api\/auth.php","msg":"login success","ctx":{"login":"a12345","role":"Aluno"}}
{"time":"2026-04-22 15:13:37","level":"INFO","ip":"::1","uri":"\/PAP\/api\/logout.php","msg":"user logout","ctx":{"user":"a12345"}}
{"time":"2026-04-22 15:13:48","level":"INFO","ip":"::1","uri":"\/PAP\/api\/auth.php","msg":"login attempt","ctx":{"login":"a12345"}}
{"time":"2026-04-22 15:13:48","level":"INFO","ip":"::1","uri":"\/PAP\/api\/auth.php","msg":"login success","ctx":{"login":"a12345","role":"Aluno"}}
{"time":"2026-04-22 15:13:57","level":"INFO","ip":"::1","uri":"\/PAP\/api\/logout.php","msg":"user logout","ctx":{"user":"a12345"}}
{"time":"2026-04-22 15:14:04","level":"INFO","ip":"::1","uri":"\/PAP\/api\/auth.php","msg":"login attempt","ctx":{"login":"b12345"}}
{"time":"2026-04-22 15:14:04","level":"INFO","ip":"::1","uri":"\/PAP\/api\/auth.php","msg":"login success","ctx":{"login":"b12345","role":"Professor"}}
{"time":"2026-04-22 15:14:08","level":"INFO","ip":"::1","uri":"\/PAP\/api\/logout.php","msg":"user logout","ctx":{"user":"b12345"}}
{"time":"2026-04-22 15:14:16","level":"INFO","ip":"::1","uri":"\/PAP\/api\/auth.php","msg":"login attempt","ctx":{"login":"c12345"}}
{"time":"2026-04-22 15:14:16","level":"INFO","ip":"::1","uri":"\/PAP\/api\/auth.php","msg":"login success","ctx":{"login":"c12345","role":"admin"}}
{"time":"2026-04-22 16:11:27","level":"INFO","ip":"::1","uri":"\/PAP\/api\/logout.php","msg":"user logout","ctx":{"user":"c12345"}}
{"time":"2026-04-22 16:11:36","level":"INFO","ip":"::1","uri":"\/PAP\/api\/auth.php","msg":"login attempt","ctx":{"login":"c12345"}}
{"time":"2026-04-22 16:11:36","level":"INFO","ip":"::1","uri":"\/PAP\/api\/auth.php","msg":"login success","ctx":{"login":"c12345","role":"admin"}}
{"time":"2026-04-22 16:35:28","level":"INFO","ip":"::1","uri":"\/PAP\/api\/logout.php","msg":"user logout","ctx":{"user":"c12345"}}
{"time":"2026-04-22 16:35:34","level":"INFO","ip":"::1","uri":"\/PAP\/api\/auth.php","msg":"login attempt","ctx":{"login":"c12345"}}
{"time":"2026-04-22 16:35:34","level":"INFO","ip":"::1","uri":"\/PAP\/api\/auth.php","msg":"login success","ctx":{"login":"c12345","role":"admin"}}
{"time":"2026-04-22 20:14:41","level":"INFO","ip":"::1","uri":"\/PAP\/api\/auth.php","msg":"login attempt","ctx":{"login":"с12345"}}
{"time":"2026-04-22 20:14:41","level":"WARN","ip":"::1","uri":"\/PAP\/api\/auth.php","msg":"login not found","ctx":{"login":"с12345"}}
{"time":"2026-04-22 20:14:48","level":"INFO","ip":"::1","uri":"\/PAP\/api\/auth.php","msg":"login attempt","ctx":{"login":"c12345"}}
{"time":"2026-04-22 20:14:48","level":"INFO","ip":"::1","uri":"\/PAP\/api\/auth.php","msg":"login success","ctx":{"login":"c12345","role":"admin"}}
{"time":"2026-04-22 20:17:07","level":"INFO","ip":"::1","uri":"\/PAP\/api\/logout.php","msg":"user logout","ctx":{"user":"c12345"}}
{"time":"2026-04-22 20:17:16","level":"INFO","ip":"::1","uri":"\/PAP\/api\/auth.php","msg":"login attempt","ctx":{"login":"b12345"}}
{"time":"2026-04-22 20:17:16","level":"INFO","ip":"::1","uri":"\/PAP\/api\/auth.php","msg":"login success","ctx":{"login":"b12345","role":"Professor"}}
{"time":"2026-04-22 20:17:33","level":"INFO","ip":"::1","uri":"\/PAP\/api\/logout.php","msg":"user logout","ctx":{"user":"b12345"}}
{"time":"2026-04-22 20:17:40","level":"INFO","ip":"::1","uri":"\/PAP\/api\/auth.php","msg":"login attempt","ctx":{"login":"a12345"}}
{"time":"2026-04-22 20:17:40","level":"INFO","ip":"::1","uri":"\/PAP\/api\/auth.php","msg":"login success","ctx":{"login":"a12345","role":"Aluno"}}
{"time":"2026-04-22 20:17:50","level":"INFO","ip":"::1","uri":"\/PAP\/api\/logout.php","msg":"user logout","ctx":{"user":"a12345"}}
{"time":"2026-04-22 20:17:57","level":"INFO","ip":"::1","uri":"\/PAP\/api\/auth.php","msg":"login attempt","ctx":{"login":"c12345"}}
{"time":"2026-04-22 20:17:57","level":"INFO","ip":"::1","uri":"\/PAP\/api\/auth.php","msg":"login success","ctx":{"login":"c12345","role":"admin"}}
{"time":"2026-04-22 20:55:13","level":"INFO","ip":"::1","uri":"\/PAP\/api\/auth.php","msg":"login attempt","ctx":{"login":"c12345"}}
{"time":"2026-04-22 20:55:13","level":"INFO","ip":"::1","uri":"\/PAP\/api\/auth.php","msg":"login success","ctx":{"login":"c12345","role":"admin"}}
{"time":"2026-04-22 21:50:10","level":"INFO","ip":"::1","uri":"\/PAP\/api\/logout.php","msg":"user logout","ctx":{"user":"c12345"}}
{"time":"2026-04-22 21:50:48","level":"INFO","ip":"::1","uri":"\/PAP\/api\/auth.php","msg":"login attempt","ctx":{"login":"a123456"}}
{"time":"2026-04-22 21:50:48","level":"WARN","ip":"::1","uri":"\/PAP\/api\/auth.php","msg":"login not found","ctx":{"login":"a123456"}}
{"time":"2026-04-22 21:51:02","level":"INFO","ip":"::1","uri":"\/PAP\/api\/auth.php","msg":"login attempt","ctx":{"login":"a12345"}}
{"time":"2026-04-22 21:51:02","level":"INFO","ip":"::1","uri":"\/PAP\/api\/auth.php","msg":"login success","ctx":{"login":"a12345","role":"Aluno"}}
