{"time":"2026-03-16 17:37:39","level":"INFO","ip":"::1","uri":"\/PAP\/api\/auth.php","msg":"login attempt","ctx":{"login":"someone"}}
{"time":"2026-03-16 17:37:39","level":"WARN","ip":"::1","uri":"\/PAP\/api\/auth.php","msg":"login not found","ctx":{"login":"someone"}}
{"time":"2026-03-16 17:38:17","level":"INFO","ip":"::1","uri":"\/PAP\/api\/auth.php","msg":"login attempt","ctx":{"login":"a12345"}}
{"time":"2026-03-16 17:38:17","level":"INFO","ip":"::1","uri":"\/PAP\/api\/auth.php","msg":"login success","ctx":{"login":"a12345","role":"Aluno"}}
{"time":"2026-03-16 17:39:19","level":"INFO","ip":"::1","uri":"\/PAP\/api\/auth.php","msg":"login attempt","ctx":{"login":"someone"}}
{"time":"2026-03-16 17:39:19","level":"WARN","ip":"::1","uri":"\/PAP\/api\/auth.php","msg":"login not found","ctx":{"login":"someone"}}
{"time":"2026-03-16 17:39:59","level":"INFO","ip":"::1","uri":"\/PAP\/api\/auth.php","msg":"login attempt","ctx":{"login":"someone"}}
{"time":"2026-03-16 17:39:59","level":"WARN","ip":"::1","uri":"\/PAP\/api\/auth.php","msg":"login not found","ctx":{"login":"someone"}}
{"time":"2026-03-16 17:40:08","level":"INFO","ip":"::1","uri":"\/PAP\/api\/auth.php","msg":"login attempt","ctx":{"login":"a12345"}}
{"time":"2026-03-16 17:40:08","level":"WARN","ip":"::1","uri":"\/PAP\/api\/auth.php","msg":"wrong password","ctx":{"login":"a12345"}}
{"time":"2026-03-16 17:40:19","level":"INFO","ip":"::1","uri":"\/PAP\/api\/auth.php","msg":"login attempt","ctx":{"login":"someone"}}
{"time":"2026-03-16 17:40:19","level":"WARN","ip":"::1","uri":"\/PAP\/api\/auth.php","msg":"login not found","ctx":{"login":"someone"}}
{"time":"2026-03-16 22:10:37","level":"INFO","ip":"::1","uri":"\/PAP\/api\/auth.php","msg":"login attempt","ctx":{"login":"a12345"}}
{"time":"2026-03-16 22:10:37","level":"INFO","ip":"::1","uri":"\/PAP\/api\/auth.php","msg":"login success","ctx":{"login":"a12345","role":"Aluno"}}
{"time":"2026-03-16 22:11:08","level":"INFO","ip":"::1","uri":"\/PAP\/api\/auth.php","msg":"login attempt","ctx":{"login":"a12345"}}
{"time":"2026-03-16 22:11:08","level":"INFO","ip":"::1","uri":"\/PAP\/api\/auth.php","msg":"login success","ctx":{"login":"a12345","role":"Aluno"}}
{"time":"2026-03-16 22:11:29","level":"INFO","ip":"::1","uri":"\/PAP\/api\/auth.php","msg":"login attempt","ctx":{"login":"a12345"}}
{"time":"2026-03-16 22:11:29","level":"INFO","ip":"::1","uri":"\/PAP\/api\/auth.php","msg":"login success","ctx":{"login":"a12345","role":"Aluno"}}
{"time":"2026-03-16 22:11:47","level":"INFO","ip":"::1","uri":"\/PAP\/api\/auth.php","msg":"login attempt","ctx":{"login":""}}
{"time":"2026-03-16 22:11:47","level":"WARN","ip":"::1","uri":"\/PAP\/api\/auth.php","msg":"login not found","ctx":{"login":""}}
{"time":"2026-03-16 22:11:48","level":"INFO","ip":"::1","uri":"\/PAP\/api\/auth.php","msg":"login attempt","ctx":{"login":""}}
{"time":"2026-03-16 22:11:48","level":"WARN","ip":"::1","uri":"\/PAP\/api\/auth.php","msg":"login not found","ctx":{"login":""}}
{"time":"2026-03-16 22:11:57","level":"INFO","ip":"::1","uri":"\/PAP\/api\/auth.php","msg":"login attempt","ctx":{"login":""}}
{"time":"2026-03-16 22:11:57","level":"WARN","ip":"::1","uri":"\/PAP\/api\/auth.php","msg":"login not found","ctx":{"login":""}}
{"time":"2026-03-16 22:12:04","level":"INFO","ip":"::1","uri":"\/PAP\/api\/auth.php","msg":"login attempt","ctx":{"login":"someone"}}
{"time":"2026-03-16 22:12:04","level":"WARN","ip":"::1","uri":"\/PAP\/api\/auth.php","msg":"login not found","ctx":{"login":"someone"}}
{"time":"2026-03-16 22:12:14","level":"INFO","ip":"::1","uri":"\/PAP\/api\/auth.php","msg":"login attempt","ctx":{"login":"someone"}}
{"time":"2026-03-16 22:12:14","level":"WARN","ip":"::1","uri":"\/PAP\/api\/auth.php","msg":"login not found","ctx":{"login":"someone"}}
{"time":"2026-03-16 22:12:21","level":"INFO","ip":"::1","uri":"\/PAP\/api\/auth.php","msg":"login attempt","ctx":{"login":"a12345"}}
{"time":"2026-03-16 22:12:21","level":"INFO","ip":"::1","uri":"\/PAP\/api\/auth.php","msg":"login success","ctx":{"login":"a12345","role":"Aluno"}}
{"time":"2026-03-16 22:12:36","level":"INFO","ip":"::1","uri":"\/PAP\/api\/auth.php","msg":"login attempt","ctx":{"login":"a12345"}}
{"time":"2026-03-16 22:12:36","level":"INFO","ip":"::1","uri":"\/PAP\/api\/auth.php","msg":"login success","ctx":{"login":"a12345","role":"Aluno"}}
{"time":"2026-03-16 22:13:01","level":"INFO","ip":"::1","uri":"\/PAP\/api\/auth.php","msg":"login attempt","ctx":{"login":"b12345"}}
{"time":"2026-03-16 22:13:01","level":"INFO","ip":"::1","uri":"\/PAP\/api\/auth.php","msg":"login success","ctx":{"login":"b12345","role":"Professor"}}
{"time":"2026-03-16 22:22:01","level":"INFO","ip":"::1","uri":"\/PAP\/api\/auth.php","msg":"login attempt","ctx":{"login":"b12345"}}
{"time":"2026-03-16 22:22:01","level":"INFO","ip":"::1","uri":"\/PAP\/api\/auth.php","msg":"login success","ctx":{"login":"b12345","role":"Professor"}}
{"time":"2026-03-16 22:25:33","level":"INFO","ip":"::1","uri":"\/PAP\/api\/auth.php","msg":"login attempt","ctx":{"login":"a12345"}}
{"time":"2026-03-16 22:25:33","level":"INFO","ip":"::1","uri":"\/PAP\/api\/auth.php","msg":"login success","ctx":{"login":"a12345","role":"Aluno"}}
{"time":"2026-03-16 22:25:41","level":"INFO","ip":"::1","uri":"\/PAP\/api\/auth.php","msg":"login attempt","ctx":{"login":"b12345"}}
{"time":"2026-03-16 22:25:41","level":"INFO","ip":"::1","uri":"\/PAP\/api\/auth.php","msg":"login success","ctx":{"login":"b12345","role":"Professor"}}
