{"time":"2026-04-10 19:38:32","level":"INFO","ip":"::1","uri":"\/PAP\/api\/logout.php","msg":"user logout","ctx":{"user":"someone2"}}
{"time":"2026-04-10 19:38:41","level":"INFO","ip":"::1","uri":"\/PAP\/api\/auth.php","msg":"login attempt","ctx":{"login":"someone2"}}
{"time":"2026-04-10 19:38:41","level":"INFO","ip":"::1","uri":"\/PAP\/api\/auth.php","msg":"login success","ctx":{"login":"someone2","role":"Aluno"}}
{"time":"2026-04-10 20:25:09","level":"INFO","ip":"::1","uri":"\/PAP\/api\/auth.php","msg":"login attempt","ctx":{"login":"с12345"}}
{"time":"2026-04-10 20:25:09","level":"WARN","ip":"::1","uri":"\/PAP\/api\/auth.php","msg":"login not found","ctx":{"login":"с12345"}}
{"time":"2026-04-10 20:25:10","level":"INFO","ip":"::1","uri":"\/PAP\/api\/auth.php","msg":"login attempt","ctx":{"login":"с12345"}}
{"time":"2026-04-10 20:25:10","level":"WARN","ip":"::1","uri":"\/PAP\/api\/auth.php","msg":"login not found","ctx":{"login":"с12345"}}
{"time":"2026-04-10 20:25:12","level":"INFO","ip":"::1","uri":"\/PAP\/api\/auth.php","msg":"login attempt","ctx":{"login":"с12345"}}
{"time":"2026-04-10 20:25:12","level":"WARN","ip":"::1","uri":"\/PAP\/api\/auth.php","msg":"login not found","ctx":{"login":"с12345"}}
{"time":"2026-04-10 20:25:13","level":"INFO","ip":"::1","uri":"\/PAP\/api\/auth.php","msg":"login attempt","ctx":{"login":"с12345"}}
{"time":"2026-04-10 20:25:13","level":"WARN","ip":"::1","uri":"\/PAP\/api\/auth.php","msg":"login not found","ctx":{"login":"с12345"}}
{"time":"2026-04-10 20:25:13","level":"INFO","ip":"::1","uri":"\/PAP\/api\/auth.php","msg":"login attempt","ctx":{"login":"с12345"}}
{"time":"2026-04-10 20:25:13","level":"WARN","ip":"::1","uri":"\/PAP\/api\/auth.php","msg":"login not found","ctx":{"login":"с12345"}}
{"time":"2026-04-10 20:25:13","level":"INFO","ip":"::1","uri":"\/PAP\/api\/auth.php","msg":"login attempt","ctx":{"login":"с12345"}}
{"time":"2026-04-10 20:25:13","level":"WARN","ip":"::1","uri":"\/PAP\/api\/auth.php","msg":"login not found","ctx":{"login":"с12345"}}
{"time":"2026-04-10 20:25:14","level":"INFO","ip":"::1","uri":"\/PAP\/api\/auth.php","msg":"login attempt","ctx":{"login":"с12345"}}
{"time":"2026-04-10 20:25:14","level":"WARN","ip":"::1","uri":"\/PAP\/api\/auth.php","msg":"login not found","ctx":{"login":"с12345"}}
{"time":"2026-04-10 20:25:15","level":"INFO","ip":"::1","uri":"\/PAP\/api\/auth.php","msg":"login attempt","ctx":{"login":"с12345"}}
{"time":"2026-04-10 20:25:15","level":"WARN","ip":"::1","uri":"\/PAP\/api\/auth.php","msg":"login not found","ctx":{"login":"с12345"}}
{"time":"2026-04-10 20:25:15","level":"INFO","ip":"::1","uri":"\/PAP\/api\/auth.php","msg":"login attempt","ctx":{"login":"с12345"}}
{"time":"2026-04-10 20:25:15","level":"WARN","ip":"::1","uri":"\/PAP\/api\/auth.php","msg":"login not found","ctx":{"login":"с12345"}}
{"time":"2026-04-10 20:25:17","level":"INFO","ip":"::1","uri":"\/PAP\/api\/auth.php","msg":"login attempt","ctx":{"login":"с12345"}}
{"time":"2026-04-10 20:25:17","level":"WARN","ip":"::1","uri":"\/PAP\/api\/auth.php","msg":"login not found","ctx":{"login":"с12345"}}
{"time":"2026-04-10 20:25:18","level":"INFO","ip":"::1","uri":"\/PAP\/api\/auth.php","msg":"login attempt","ctx":{"login":"с12345"}}
{"time":"2026-04-10 20:25:18","level":"WARN","ip":"::1","uri":"\/PAP\/api\/auth.php","msg":"login not found","ctx":{"login":"с12345"}}
{"time":"2026-04-10 20:25:18","level":"INFO","ip":"::1","uri":"\/PAP\/api\/auth.php","msg":"login attempt","ctx":{"login":"с12345"}}
{"time":"2026-04-10 20:25:18","level":"WARN","ip":"::1","uri":"\/PAP\/api\/auth.php","msg":"login not found","ctx":{"login":"с12345"}}
{"time":"2026-04-10 20:30:31","level":"INFO","ip":"::1","uri":"\/PAP\/api\/auth.php","msg":"login attempt","ctx":{"login":"с12345"}}
{"time":"2026-04-10 20:30:31","level":"WARN","ip":"::1","uri":"\/PAP\/api\/auth.php","msg":"login not found","ctx":{"login":"с12345"}}
{"time":"2026-04-10 20:30:37","level":"INFO","ip":"::1","uri":"\/PAP\/api\/auth.php","msg":"login attempt","ctx":{"login":"с12345"}}
{"time":"2026-04-10 20:30:37","level":"WARN","ip":"::1","uri":"\/PAP\/api\/auth.php","msg":"login not found","ctx":{"login":"с12345"}}
{"time":"2026-04-10 20:30:38","level":"INFO","ip":"::1","uri":"\/PAP\/api\/auth.php","msg":"login attempt","ctx":{"login":"с12345"}}
{"time":"2026-04-10 20:30:38","level":"WARN","ip":"::1","uri":"\/PAP\/api\/auth.php","msg":"login not found","ctx":{"login":"с12345"}}
{"time":"2026-04-10 20:30:39","level":"INFO","ip":"::1","uri":"\/PAP\/api\/auth.php","msg":"login attempt","ctx":{"login":"с12345"}}
{"time":"2026-04-10 20:30:39","level":"WARN","ip":"::1","uri":"\/PAP\/api\/auth.php","msg":"login not found","ctx":{"login":"с12345"}}
{"time":"2026-04-10 20:30:39","level":"INFO","ip":"::1","uri":"\/PAP\/api\/auth.php","msg":"login attempt","ctx":{"login":"с12345"}}
{"time":"2026-04-10 20:30:39","level":"WARN","ip":"::1","uri":"\/PAP\/api\/auth.php","msg":"login not found","ctx":{"login":"с12345"}}
{"time":"2026-04-10 20:30:39","level":"INFO","ip":"::1","uri":"\/PAP\/api\/auth.php","msg":"login attempt","ctx":{"login":"с12345"}}
{"time":"2026-04-10 20:30:39","level":"WARN","ip":"::1","uri":"\/PAP\/api\/auth.php","msg":"login not found","ctx":{"login":"с12345"}}
{"time":"2026-04-10 20:30:39","level":"INFO","ip":"::1","uri":"\/PAP\/api\/auth.php","msg":"login attempt","ctx":{"login":"с12345"}}
{"time":"2026-04-10 20:30:39","level":"WARN","ip":"::1","uri":"\/PAP\/api\/auth.php","msg":"login not found","ctx":{"login":"с12345"}}
{"time":"2026-04-10 20:30:39","level":"INFO","ip":"::1","uri":"\/PAP\/api\/auth.php","msg":"login attempt","ctx":{"login":"с12345"}}
{"time":"2026-04-10 20:30:39","level":"WARN","ip":"::1","uri":"\/PAP\/api\/auth.php","msg":"login not found","ctx":{"login":"с12345"}}
{"time":"2026-04-10 20:30:40","level":"INFO","ip":"::1","uri":"\/PAP\/api\/auth.php","msg":"login attempt","ctx":{"login":"с12345"}}
{"time":"2026-04-10 20:30:40","level":"WARN","ip":"::1","uri":"\/PAP\/api\/auth.php","msg":"login not found","ctx":{"login":"с12345"}}
{"time":"2026-04-10 20:30:40","level":"INFO","ip":"::1","uri":"\/PAP\/api\/auth.php","msg":"login attempt","ctx":{"login":"с12345"}}
{"time":"2026-04-10 20:30:40","level":"WARN","ip":"::1","uri":"\/PAP\/api\/auth.php","msg":"login not found","ctx":{"login":"с12345"}}
{"time":"2026-04-10 20:30:40","level":"INFO","ip":"::1","uri":"\/PAP\/api\/auth.php","msg":"login attempt","ctx":{"login":"с12345"}}
{"time":"2026-04-10 20:30:40","level":"WARN","ip":"::1","uri":"\/PAP\/api\/auth.php","msg":"login not found","ctx":{"login":"с12345"}}
{"time":"2026-04-10 20:30:40","level":"INFO","ip":"::1","uri":"\/PAP\/api\/auth.php","msg":"login attempt","ctx":{"login":"с12345"}}
{"time":"2026-04-10 20:30:40","level":"WARN","ip":"::1","uri":"\/PAP\/api\/auth.php","msg":"login not found","ctx":{"login":"с12345"}}
{"time":"2026-04-10 20:31:35","level":"INFO","ip":"::1","uri":"\/PAP\/api\/auth.php","msg":"login attempt","ctx":{"login":"с12345"}}
{"time":"2026-04-10 20:31:35","level":"WARN","ip":"::1","uri":"\/PAP\/api\/auth.php","msg":"login not found","ctx":{"login":"с12345"}}
{"time":"2026-04-10 20:31:45","level":"INFO","ip":"::1","uri":"\/PAP\/api\/auth.php","msg":"login attempt","ctx":{"login":"c12345"}}
{"time":"2026-04-10 20:31:45","level":"INFO","ip":"::1","uri":"\/PAP\/api\/auth.php","msg":"login success","ctx":{"login":"c12345","role":"admin"}}
