{"time":"2026-04-19 13:54:06","level":"INFO","ip":"::1","uri":"\/PAP\/api\/auth.php","msg":"login attempt","ctx":{"login":"a12345"}}
{"time":"2026-04-19 13:54:06","level":"INFO","ip":"::1","uri":"\/PAP\/api\/auth.php","msg":"login success","ctx":{"login":"a12345","role":"Aluno"}}
{"time":"2026-04-19 14:13:33","level":"INFO","ip":"::1","uri":"\/PAP\/api\/logout.php","msg":"user logout","ctx":{"user":"a12345"}}
{"time":"2026-04-19 18:20:13","level":"INFO","ip":"::1","uri":"\/PAP\/api\/auth.php","msg":"login attempt","ctx":{"login":"c12345"}}
{"time":"2026-04-19 18:20:13","level":"INFO","ip":"::1","uri":"\/PAP\/api\/auth.php","msg":"login success","ctx":{"login":"c12345","role":"admin"}}
{"time":"2026-04-19 18:30:46","level":"INFO","ip":"::1","uri":"\/PAP\/api\/logout.php","msg":"user logout","ctx":{"user":"c12345"}}
{"time":"2026-04-19 18:30:54","level":"INFO","ip":"::1","uri":"\/PAP\/api\/auth.php","msg":"login attempt","ctx":{"login":"a12345"}}
{"time":"2026-04-19 18:30:54","level":"INFO","ip":"::1","uri":"\/PAP\/api\/auth.php","msg":"login success","ctx":{"login":"a12345","role":"Aluno"}}
{"time":"2026-04-19 18:35:26","level":"INFO","ip":"::1","uri":"\/PAP\/api\/logout.php","msg":"user logout","ctx":{"user":"a12345"}}
{"time":"2026-04-19 18:35:36","level":"INFO","ip":"::1","uri":"\/PAP\/api\/auth.php","msg":"login attempt","ctx":{"login":"b12345"}}
{"time":"2026-04-19 18:35:37","level":"INFO","ip":"::1","uri":"\/PAP\/api\/auth.php","msg":"login success","ctx":{"login":"b12345","role":"Professor"}}
{"time":"2026-04-19 18:37:31","level":"INFO","ip":"::1","uri":"\/PAP\/api\/logout.php","msg":"user logout","ctx":{"user":"b12345"}}
{"time":"2026-04-19 18:37:41","level":"INFO","ip":"::1","uri":"\/PAP\/api\/auth.php","msg":"login attempt","ctx":{"login":"c12345"}}
{"time":"2026-04-19 18:37:41","level":"INFO","ip":"::1","uri":"\/PAP\/api\/auth.php","msg":"login success","ctx":{"login":"c12345","role":"admin"}}
{"time":"2026-04-19 18:40:58","level":"INFO","ip":"::1","uri":"\/PAP\/api\/logout.php","msg":"user logout","ctx":{"user":"c12345"}}
{"time":"2026-04-19 18:41:07","level":"INFO","ip":"::1","uri":"\/PAP\/api\/auth.php","msg":"login attempt","ctx":{"login":"a12345"}}
{"time":"2026-04-19 18:41:07","level":"INFO","ip":"::1","uri":"\/PAP\/api\/auth.php","msg":"login success","ctx":{"login":"a12345","role":"Aluno"}}
{"time":"2026-04-19 18:41:51","level":"INFO","ip":"::1","uri":"\/PAP\/api\/logout.php","msg":"user logout","ctx":{"user":"a12345"}}
{"time":"2026-04-19 18:41:58","level":"INFO","ip":"::1","uri":"\/PAP\/api\/auth.php","msg":"login attempt","ctx":{"login":"b12345"}}
{"time":"2026-04-19 18:41:58","level":"INFO","ip":"::1","uri":"\/PAP\/api\/auth.php","msg":"login success","ctx":{"login":"b12345","role":"Professor"}}
{"time":"2026-04-19 18:43:06","level":"INFO","ip":"::1","uri":"\/PAP\/api\/create_teste.php","msg":"teste created","ctx":{"professor":"b12345","turma":"12C","titulo":"Graficos"}}
{"time":"2026-04-19 18:44:40","level":"INFO","ip":"::1","uri":"\/PAP\/api\/sumarios.php","msg":"sumario created","ctx":{"professor":"b12345","turma":"12C","data":"2026-04-30"}}
{"time":"2026-04-19 18:45:01","level":"INFO","ip":"::1","uri":"\/PAP\/api\/sumarios.php","msg":"sumario created","ctx":{"professor":"b12345","turma":"11A","data":"2026-04-19"}}
{"time":"2026-04-19 18:45:22","level":"INFO","ip":"::1","uri":"\/PAP\/api\/logout.php","msg":"user logout","ctx":{"user":"b12345"}}
{"time":"2026-04-19 18:45:29","level":"INFO","ip":"::1","uri":"\/PAP\/api\/auth.php","msg":"login attempt","ctx":{"login":"a12345"}}
{"time":"2026-04-19 18:45:29","level":"INFO","ip":"::1","uri":"\/PAP\/api\/auth.php","msg":"login success","ctx":{"login":"a12345","role":"Aluno"}}
{"time":"2026-04-19 18:50:07","level":"INFO","ip":"::1","uri":"\/PAP\/api\/logout.php","msg":"user logout","ctx":{"user":"a12345"}}
{"time":"2026-04-19 18:50:12","level":"INFO","ip":"::1","uri":"\/PAP\/api\/auth.php","msg":"login attempt","ctx":{"login":"c12345"}}
{"time":"2026-04-19 18:50:12","level":"INFO","ip":"::1","uri":"\/PAP\/api\/auth.php","msg":"login success","ctx":{"login":"c12345","role":"admin"}}
{"time":"2026-04-19 18:54:36","level":"INFO","ip":"::1","uri":"\/PAP\/api\/noticias.php","msg":"noticia created","ctx":{"id":5,"titulo":"Some nwe sheet"}}
{"time":"2026-04-19 18:54:54","level":"INFO","ip":"::1","uri":"\/PAP\/api\/noticias.php","msg":"noticia toggled","ctx":{"id":5,"ativo":0}}
{"time":"2026-04-19 18:54:56","level":"INFO","ip":"::1","uri":"\/PAP\/api\/noticias.php","msg":"noticia toggled","ctx":{"id":5,"ativo":1}}
{"time":"2026-04-19 18:54:56","level":"INFO","ip":"::1","uri":"\/PAP\/api\/noticias.php","msg":"noticia toggled","ctx":{"id":5,"ativo":0}}
{"time":"2026-04-19 18:55:05","level":"INFO","ip":"::1","uri":"\/PAP\/api\/noticias.php","msg":"noticia deleted","ctx":{"id":5}}
{"time":"2026-04-19 19:27:05","level":"INFO","ip":"::1","uri":"\/PAP\/api\/auth.php","msg":"login attempt","ctx":{"login":"c12345"}}
{"time":"2026-04-19 19:27:05","level":"INFO","ip":"::1","uri":"\/PAP\/api\/auth.php","msg":"login success","ctx":{"login":"c12345","role":"admin"}}
